
> starter@1.0.0 e2e:base /Users/cl/project/web_class/inclass-14
> mocha --opts e2e/mocha.opts e2e/*.spec.js "--reporter" "xunit"

<testsuite name="Mocha Tests" tests="3" failures="0" errors="0" skipped="0" timestamp="Thu, 02 Mar 2017 01:57:21 GMT" time="11.21">
<testcase classname="Test Dummy Server Example Page" name="should log in as the test user" time="0.558"/>
<testcase classname="Test Dummy Server Example Page" name="Update the headline and verify the change" time="4.794"/>
<testcase classname="shutdown" name="now" time="0.101"/>
</testsuite>
