<?xml version="1.0"?>
<testsuite name="Chrome 56.0.2924 (Mac OS X 10.12.3)" package="" timestamp="2017-03-22T20:47:56" id="0" hostname="chrismpb.local" tests="22" errors="0" failures="2" time="5.086">
  <properties>
    <property name="browser.fullName" value="Mozilla/5.0 (Macintosh; Intel Mac OS X 10_12_3) AppleWebKit/537.36 (KHTML, like Gecko) Chrome/56.0.2924.87 Safari/537.36"/>
  </properties>
  <testcase name="Validate actions should validate that resource is a resource" time="0.452" classname="Chrome_56_0_2924_(Mac_OS_X_10_12_3).Validate actions"/>
  <testcase name="Validate actions should validate that resouce gives http error" time="0.107" classname="Chrome_56_0_2924_(Mac_OS_X_10_12_3).Validate actions"/>
  <testcase name="Validate actions should validate that resource is POSTable" time="0.12" classname="Chrome_56_0_2924_(Mac_OS_X_10_12_3).Validate actions"/>
  <testcase name="Validate actions should update error message" time="0.001" classname="Chrome_56_0_2924_(Mac_OS_X_10_12_3).Validate actions"/>
  <testcase name="Validate actions should update success message" time="0" classname="Chrome_56_0_2924_(Mac_OS_X_10_12_3).Validate actions"/>
  <testcase name="Validate actions should navigate (to profile, main, or landing)" time="0" classname="Chrome_56_0_2924_(Mac_OS_X_10_12_3).Validate actions"/>
  <testcase name="Validate article actions should fetch articles (mocked request)" time="0.115" classname="Chrome_56_0_2924_(Mac_OS_X_10_12_3).Validate article actions"/>
  <testcase name="Validate article actions should update the search keyword" time="0" classname="Chrome_56_0_2924_(Mac_OS_X_10_12_3).Validate article actions"/>
  <testcase name=" validates ArticlesView  should render two articles" time="0.01" classname="Chrome_56_0_2924_(Mac_OS_X_10_12_3). validates ArticlesView "/>
  <testcase name=" validates ArticlesView  should render a single article " time="0.014" classname="Chrome_56_0_2924_(Mac_OS_X_10_12_3). validates ArticlesView "/>
  <testcase name=" validates ArticlesView  should dispatch actions to create a new article" time="0.007" classname="Chrome_56_0_2924_(Mac_OS_X_10_12_3). validates ArticlesView "/>
  <testcase name="Validate login should login a user" time="0.06" classname="Chrome_56_0_2924_(Mac_OS_X_10_12_3).Validate login"/>
  <testcase name="Validate login should not login an invalid user" time="0.077" classname="Chrome_56_0_2924_(Mac_OS_X_10_12_3).Validate login"/>
  <testcase name="Validate login should log out a user (state should be cleared)" time="0.118" classname="Chrome_56_0_2924_(Mac_OS_X_10_12_3).Validate login"/>
  <testcase name="Validate profile actions should fetch the user's proile information" time="2.002" classname="Chrome_56_0_2924_(Mac_OS_X_10_12_3).Validate profile actions">
    <failure type="">Error: timeout of 2000ms exceeded. Ensure the done() callback is being called in this test.
</failure>
  </testcase>
  <testcase name="Validate profile actions should update headline" time="2.001" classname="Chrome_56_0_2924_(Mac_OS_X_10_12_3).Validate profile actions">
    <failure type="">Error: timeout of 2000ms exceeded. Ensure the done() callback is being called in this test.
</failure>
  </testcase>
  <testcase name="Validate reducers should return the initial state" time="0.001" classname="Chrome_56_0_2924_(Mac_OS_X_10_12_3).Validate reducers"/>
  <testcase name="Validate reducers should state success (for displaying success message to user)" time="0.001" classname="Chrome_56_0_2924_(Mac_OS_X_10_12_3).Validate reducers"/>
  <testcase name="Validate reducers should state success (for displaying success message to user)" time="0" classname="Chrome_56_0_2924_(Mac_OS_X_10_12_3).Validate reducers"/>
  <testcase name="Validate reducers should set the articles" time="0" classname="Chrome_56_0_2924_(Mac_OS_X_10_12_3).Validate reducers"/>
  <testcase name="Validate reducers should set the search keyword" time="0" classname="Chrome_56_0_2924_(Mac_OS_X_10_12_3).Validate reducers"/>
  <testcase name="Validate reducers should filter displayed articles by the search keyword" time="0" classname="Chrome_56_0_2924_(Mac_OS_X_10_12_3).Validate reducers"/>
  <system-out>
    <![CDATA[Chrome 56.0.2924 (Mac OS X 10.12.3) ERROR: 'GET headlines Unauthorized'
,Chrome 56.0.2924 (Mac OS X 10.12.3) ERROR: 'POST login Unauthorized'
,Chrome 56.0.2924 (Mac OS X 10.12.3) ERROR: 'GET dob Unauthorized'
,Chrome 56.0.2924 (Mac OS X 10.12.3) ERROR: 'GET email Unauthorized'
,Chrome 56.0.2924 (Mac OS X 10.12.3) ERROR: 'GET zipcode Unauthorized'
,Chrome 56.0.2924 (Mac OS X 10.12.3) ERROR: 'GET avatars Unauthorized'
,Chrome 56.0.2924 (Mac OS X 10.12.3) ERROR: 'PUT headline Unauthorized'

]]>
  </system-out>
  <system-err/>
</testsuite>